<?xml version="1.0" encoding="UTF-8"?>
<!-- Generated by org.testng.reporters.JUnitXMLReporter -->
<testsuite hostname="DESKTOP-KKCD7HH" ignored="0" name="Login Test" tests="2" failures="0" timestamp="11 Apr 2020 16:15:10 GMT" time="39.438" errors="0">
  <testcase name="verifyUserShouldNavigateToLoginPage" time="2.077" classname="com.demo.nopcommerce.testsuite.LoginTest"/>
  <testcase name="verifyUserShouldNavigateToLoginPage1" time="2.355" classname="com.demo.nopcommerce.testsuite.LoginTest1"/>
</testsuite> <!-- Login Test -->
