<?xml version="1.0" encoding="UTF-8"?>
<testng-results skipped="0" failed="0" ignored="0" total="1" passed="1">
  <reporter-output>
  </reporter-output>
  <suite name="Surefire suite" duration-ms="29442" started-at="2020-04-11T10:41:06Z" finished-at="2020-04-11T10:41:35Z">
    <groups>
    </groups>
    <test name="Surefire test" duration-ms="29442" started-at="2020-04-11T10:41:06Z" finished-at="2020-04-11T10:41:35Z">
      <class name="com.demo.nopcommerce.testsuite.LoginTest">
        <test-method status="PASS" signature="openBrowser()[pri:0, instance:com.demo.nopcommerce.testsuite.LoginTest@2096442d]" name="openBrowser" is-config="true" duration-ms="24007" started-at="2020-04-11T10:41:06Z" finished-at="2020-04-11T10:41:30Z">
          <reporter-output>
          </reporter-output>
        </test-method> <!-- openBrowser -->
        <test-method status="PASS" signature="verifyUserShouldNavigateToLoginPage()[pri:0, instance:com.demo.nopcommerce.testsuite.LoginTest@2096442d]" name="verifyUserShouldNavigateToLoginPage" duration-ms="3839" started-at="2020-04-11T10:41:30Z" finished-at="2020-04-11T10:41:34Z">
          <reporter-output>
          </reporter-output>
        </test-method> <!-- verifyUserShouldNavigateToLoginPage -->
        <test-method status="PASS" signature="tearDown()[pri:0, instance:com.demo.nopcommerce.testsuite.LoginTest@2096442d]" name="tearDown" is-config="true" duration-ms="1531" started-at="2020-04-11T10:41:34Z" finished-at="2020-04-11T10:41:35Z">
          <reporter-output>
          </reporter-output>
        </test-method> <!-- tearDown -->
      </class> <!-- com.demo.nopcommerce.testsuite.LoginTest -->
    </test> <!-- Surefire test -->
  </suite> <!-- Surefire suite -->
</testng-results>
